2025-12-21 02:37:08,800 - sqlalchemy.engine.Engine - INFO - select pg_catalog.version()
2025-12-21 02:37:08,800 - sqlalchemy.engine.Engine - INFO - [raw sql] {}
2025-12-21 02:37:08,803 - sqlalchemy.engine.Engine - INFO - select current_schema()
2025-12-21 02:37:08,803 - sqlalchemy.engine.Engine - INFO - [raw sql] {}
2025-12-21 02:37:08,804 - sqlalchemy.engine.Engine - INFO - show standard_conforming_strings
2025-12-21 02:37:08,804 - sqlalchemy.engine.Engine - INFO - [raw sql] {}
2025-12-21 02:37:08,805 - sqlalchemy.engine.Engine - INFO - BEGIN (implicit)
2025-12-21 02:37:08,811 - sqlalchemy.engine.Engine - INFO - SELECT agents.id_agent AS agents_id_agent, agents.full_name AS agents_full_name, agents.gender AS agents_gender, agents.birth_date AS agents_birth_date, agents.death_date AS agents_death_date, agents.place_of_birth AS agents_place_of_birth, agents.place_of_death AS agents_place_of_death, agents.avatar_url AS agents_avatar_url, agents.created_at AS agents_created_at, agents.updated_at AS agents_updated_at, agents.user_id AS agents_user_id, agents.is_human AS agents_is_human, pages.id_page AS pages_id_page, pages.epitaph AS pages_epitaph, pages.is_public AS pages_is_public, pages.is_draft AS pages_is_draft, pages.agent_id AS pages_agent_id, pages.created_at AS pages_created_at, pages.updated_at AS pages_updated_at, pages.user_id AS pages_user_id, pages.biography AS pages_biography 
FROM pages JOIN agents ON agents.id_agent = pages.agent_id 
WHERE pages.is_public = true ORDER BY pages.updated_at DESC 
 LIMIT %(param_1)s OFFSET %(param_2)s
2025-12-21 02:37:08,815 - sqlalchemy.engine.Engine - INFO - [generated in 0.00462s] {'param_1': 50, 'param_2': 0}
2025-12-21 02:37:08,823 - sqlalchemy.engine.Engine - INFO - ROLLBACK
2025-12-23 18:07:59,201 - sqlalchemy.engine.Engine - INFO - select pg_catalog.version()
2025-12-23 18:07:59,205 - sqlalchemy.engine.Engine - INFO - [raw sql] {}
2025-12-23 18:07:59,208 - sqlalchemy.engine.Engine - INFO - select current_schema()
2025-12-23 18:07:59,209 - sqlalchemy.engine.Engine - INFO - [raw sql] {}
2025-12-23 18:07:59,213 - sqlalchemy.engine.Engine - INFO - show standard_conforming_strings
2025-12-23 18:07:59,217 - sqlalchemy.engine.Engine - INFO - [raw sql] {}
2025-12-23 18:07:59,218 - sqlalchemy.engine.Engine - INFO - BEGIN (implicit)
2025-12-23 18:07:59,230 - sqlalchemy.engine.Engine - INFO - SELECT agents.id_agent AS agents_id_agent, agents.full_name AS agents_full_name, agents.gender AS agents_gender, agents.birth_date AS agents_birth_date, agents.death_date AS agents_death_date, agents.place_of_birth AS agents_place_of_birth, agents.place_of_death AS agents_place_of_death, agents.avatar_url AS agents_avatar_url, agents.created_at AS agents_created_at, agents.updated_at AS agents_updated_at, agents.user_id AS agents_user_id, agents.is_human AS agents_is_human, pages.id_page AS pages_id_page, pages.epitaph AS pages_epitaph, pages.is_public AS pages_is_public, pages.is_draft AS pages_is_draft, pages.agent_id AS pages_agent_id, pages.created_at AS pages_created_at, pages.updated_at AS pages_updated_at, pages.user_id AS pages_user_id, pages.biography AS pages_biography 
FROM pages JOIN agents ON agents.id_agent = pages.agent_id 
WHERE pages.is_public = true ORDER BY pages.updated_at DESC 
 LIMIT %(param_1)s OFFSET %(param_2)s
2025-12-23 18:07:59,235 - sqlalchemy.engine.Engine - INFO - [generated in 0.00510s] {'param_1': 50, 'param_2': 0}
2025-12-23 18:07:59,241 - sqlalchemy.engine.Engine - INFO - ROLLBACK
2025-12-23 18:17:44,303 - sqlalchemy.engine.Engine - INFO - BEGIN (implicit)
2025-12-23 18:17:44,306 - sqlalchemy.engine.Engine - INFO - SELECT agents.id_agent AS agents_id_agent, agents.full_name AS agents_full_name, agents.gender AS agents_gender, agents.birth_date AS agents_birth_date, agents.death_date AS agents_death_date, agents.place_of_birth AS agents_place_of_birth, agents.place_of_death AS agents_place_of_death, agents.avatar_url AS agents_avatar_url, agents.created_at AS agents_created_at, agents.updated_at AS agents_updated_at, agents.user_id AS agents_user_id, agents.is_human AS agents_is_human, pages.id_page AS pages_id_page, pages.epitaph AS pages_epitaph, pages.is_public AS pages_is_public, pages.is_draft AS pages_is_draft, pages.agent_id AS pages_agent_id, pages.created_at AS pages_created_at, pages.updated_at AS pages_updated_at, pages.user_id AS pages_user_id, pages.biography AS pages_biography 
FROM pages JOIN agents ON agents.id_agent = pages.agent_id 
WHERE pages.is_public = true ORDER BY pages.updated_at DESC 
 LIMIT %(param_1)s OFFSET %(param_2)s
2025-12-23 18:17:44,308 - sqlalchemy.engine.Engine - INFO - [cached since 585.1s ago] {'param_1': 50, 'param_2': 0}
2025-12-23 18:17:44,318 - sqlalchemy.engine.Engine - INFO - ROLLBACK
2025-12-23 18:21:12,760 - sqlalchemy.engine.Engine - INFO - BEGIN (implicit)
2025-12-23 18:21:12,761 - sqlalchemy.engine.Engine - INFO - SELECT agents.id_agent AS agents_id_agent, agents.full_name AS agents_full_name, agents.gender AS agents_gender, agents.birth_date AS agents_birth_date, agents.death_date AS agents_death_date, agents.place_of_birth AS agents_place_of_birth, agents.place_of_death AS agents_place_of_death, agents.avatar_url AS agents_avatar_url, agents.created_at AS agents_created_at, agents.updated_at AS agents_updated_at, agents.user_id AS agents_user_id, agents.is_human AS agents_is_human, pages.id_page AS pages_id_page, pages.epitaph AS pages_epitaph, pages.is_public AS pages_is_public, pages.is_draft AS pages_is_draft, pages.agent_id AS pages_agent_id, pages.created_at AS pages_created_at, pages.updated_at AS pages_updated_at, pages.user_id AS pages_user_id, pages.biography AS pages_biography 
FROM pages JOIN agents ON agents.id_agent = pages.agent_id 
WHERE pages.is_public = true ORDER BY pages.updated_at DESC 
 LIMIT %(param_1)s OFFSET %(param_2)s
2025-12-23 18:21:12,762 - sqlalchemy.engine.Engine - INFO - [cached since 793.5s ago] {'param_1': 50, 'param_2': 0}
2025-12-23 18:21:12,765 - sqlalchemy.engine.Engine - INFO - ROLLBACK
2025-12-23 18:24:43,390 - sqlalchemy.engine.Engine - INFO - BEGIN (implicit)
2025-12-23 18:24:43,393 - sqlalchemy.engine.Engine - INFO - SELECT agents.id_agent AS agents_id_agent, agents.full_name AS agents_full_name, agents.gender AS agents_gender, agents.birth_date AS agents_birth_date, agents.death_date AS agents_death_date, agents.place_of_birth AS agents_place_of_birth, agents.place_of_death AS agents_place_of_death, agents.avatar_url AS agents_avatar_url, agents.created_at AS agents_created_at, agents.updated_at AS agents_updated_at, agents.user_id AS agents_user_id, agents.is_human AS agents_is_human, pages.id_page AS pages_id_page, pages.epitaph AS pages_epitaph, pages.is_public AS pages_is_public, pages.is_draft AS pages_is_draft, pages.agent_id AS pages_agent_id, pages.created_at AS pages_created_at, pages.updated_at AS pages_updated_at, pages.user_id AS pages_user_id, pages.biography AS pages_biography 
FROM pages JOIN agents ON agents.id_agent = pages.agent_id 
WHERE pages.is_public = true ORDER BY pages.updated_at DESC 
 LIMIT %(param_1)s OFFSET %(param_2)s
2025-12-23 18:24:43,393 - sqlalchemy.engine.Engine - INFO - [cached since 1004s ago] {'param_1': 50, 'param_2': 0}
2025-12-23 18:24:43,409 - sqlalchemy.engine.Engine - INFO - ROLLBACK
2025-12-23 18:26:03,595 - sqlalchemy.engine.Engine - INFO - BEGIN (implicit)
2025-12-23 18:26:03,597 - sqlalchemy.engine.Engine - INFO - SELECT agents.id_agent AS agents_id_agent, agents.full_name AS agents_full_name, agents.gender AS agents_gender, agents.birth_date AS agents_birth_date, agents.death_date AS agents_death_date, agents.place_of_birth AS agents_place_of_birth, agents.place_of_death AS agents_place_of_death, agents.avatar_url AS agents_avatar_url, agents.created_at AS agents_created_at, agents.updated_at AS agents_updated_at, agents.user_id AS agents_user_id, agents.is_human AS agents_is_human, pages.id_page AS pages_id_page, pages.epitaph AS pages_epitaph, pages.is_public AS pages_is_public, pages.is_draft AS pages_is_draft, pages.agent_id AS pages_agent_id, pages.created_at AS pages_created_at, pages.updated_at AS pages_updated_at, pages.user_id AS pages_user_id, pages.biography AS pages_biography 
FROM pages JOIN agents ON agents.id_agent = pages.agent_id 
WHERE agents.id_agent = %(id_agent_1)s AND pages.is_public = true 
 LIMIT %(param_1)s
2025-12-23 18:26:03,597 - sqlalchemy.engine.Engine - INFO - [generated in 0.00063s] {'id_agent_1': '7f4af2a1-2dbd-4756-b2aa-258cc5262d3b', 'param_1': 1}
2025-12-23 18:26:03,600 - sqlalchemy.engine.Engine - INFO - ROLLBACK
2025-12-23 18:27:06,296 - sqlalchemy.engine.Engine - INFO - BEGIN (implicit)
2025-12-23 18:27:06,297 - sqlalchemy.engine.Engine - INFO - SELECT agents.id_agent AS agents_id_agent, agents.full_name AS agents_full_name, agents.gender AS agents_gender, agents.birth_date AS agents_birth_date, agents.death_date AS agents_death_date, agents.place_of_birth AS agents_place_of_birth, agents.place_of_death AS agents_place_of_death, agents.avatar_url AS agents_avatar_url, agents.created_at AS agents_created_at, agents.updated_at AS agents_updated_at, agents.user_id AS agents_user_id, agents.is_human AS agents_is_human, pages.id_page AS pages_id_page, pages.epitaph AS pages_epitaph, pages.is_public AS pages_is_public, pages.is_draft AS pages_is_draft, pages.agent_id AS pages_agent_id, pages.created_at AS pages_created_at, pages.updated_at AS pages_updated_at, pages.user_id AS pages_user_id, pages.biography AS pages_biography 
FROM pages JOIN agents ON agents.id_agent = pages.agent_id 
WHERE agents.id_agent = %(id_agent_1)s AND pages.is_public = true 
 LIMIT %(param_1)s
2025-12-23 18:27:06,297 - sqlalchemy.engine.Engine - INFO - [cached since 62.7s ago] {'id_agent_1': '7f4af2a1-2dbd-4756-b2aa-258cc5262d3b', 'param_1': 1}
2025-12-23 18:27:06,299 - sqlalchemy.engine.Engine - INFO - ROLLBACK
2025-12-23 18:29:13,240 - sqlalchemy.engine.Engine - INFO - select pg_catalog.version()
2025-12-23 18:29:13,240 - sqlalchemy.engine.Engine - INFO - [raw sql] {}
2025-12-23 18:29:13,241 - sqlalchemy.engine.Engine - INFO - select current_schema()
2025-12-23 18:29:13,241 - sqlalchemy.engine.Engine - INFO - [raw sql] {}
2025-12-23 18:29:13,242 - sqlalchemy.engine.Engine - INFO - show standard_conforming_strings
2025-12-23 18:29:13,242 - sqlalchemy.engine.Engine - INFO - [raw sql] {}
2025-12-23 18:29:13,242 - sqlalchemy.engine.Engine - INFO - BEGIN (implicit)
2025-12-23 18:29:13,245 - sqlalchemy.engine.Engine - INFO - SELECT agents.id_agent AS agents_id_agent, agents.full_name AS agents_full_name, agents.gender AS agents_gender, agents.birth_date AS agents_birth_date, agents.death_date AS agents_death_date, agents.place_of_birth AS agents_place_of_birth, agents.place_of_death AS agents_place_of_death, agents.avatar_url AS agents_avatar_url, agents.created_at AS agents_created_at, agents.updated_at AS agents_updated_at, agents.user_id AS agents_user_id, agents.is_human AS agents_is_human, pages.id_page AS pages_id_page, pages.epitaph AS pages_epitaph, pages.is_public AS pages_is_public, pages.is_draft AS pages_is_draft, pages.agent_id AS pages_agent_id, pages.created_at AS pages_created_at, pages.updated_at AS pages_updated_at, pages.user_id AS pages_user_id, pages.biography AS pages_biography 
FROM pages JOIN agents ON agents.id_agent = pages.agent_id 
WHERE agents.id_agent = %(id_agent_1)s AND pages.is_public = true 
 LIMIT %(param_1)s
2025-12-23 18:29:13,245 - sqlalchemy.engine.Engine - INFO - [generated in 0.00034s] {'id_agent_1': '7f4af2a1-2dbd-4756-b2aa-258cc5262d3b', 'param_1': 1}
2025-12-23 18:29:13,247 - sqlalchemy.engine.Engine - INFO - ROLLBACK
2025-12-23 18:29:29,735 - sqlalchemy.engine.Engine - INFO - select pg_catalog.version()
2025-12-23 18:29:29,736 - sqlalchemy.engine.Engine - INFO - [raw sql] {}
2025-12-23 18:29:29,736 - sqlalchemy.engine.Engine - INFO - select current_schema()
2025-12-23 18:29:29,737 - sqlalchemy.engine.Engine - INFO - [raw sql] {}
2025-12-23 18:29:29,737 - sqlalchemy.engine.Engine - INFO - show standard_conforming_strings
2025-12-23 18:29:29,737 - sqlalchemy.engine.Engine - INFO - [raw sql] {}
2025-12-23 18:29:29,738 - sqlalchemy.engine.Engine - INFO - BEGIN (implicit)
2025-12-23 18:29:29,740 - sqlalchemy.engine.Engine - INFO - SELECT agents.id_agent AS agents_id_agent, agents.full_name AS agents_full_name, agents.gender AS agents_gender, agents.birth_date AS agents_birth_date, agents.death_date AS agents_death_date, agents.place_of_birth AS agents_place_of_birth, agents.place_of_death AS agents_place_of_death, agents.avatar_url AS agents_avatar_url, agents.created_at AS agents_created_at, agents.updated_at AS agents_updated_at, agents.user_id AS agents_user_id, agents.is_human AS agents_is_human, pages.id_page AS pages_id_page, pages.epitaph AS pages_epitaph, pages.is_public AS pages_is_public, pages.is_draft AS pages_is_draft, pages.agent_id AS pages_agent_id, pages.created_at AS pages_created_at, pages.updated_at AS pages_updated_at, pages.user_id AS pages_user_id, pages.biography AS pages_biography 
FROM pages JOIN agents ON agents.id_agent = pages.agent_id 
WHERE agents.id_agent = %(id_agent_1)s AND pages.is_public = true 
 LIMIT %(param_1)s
2025-12-23 18:29:29,740 - sqlalchemy.engine.Engine - INFO - [generated in 0.00034s] {'id_agent_1': '7f4af2a1-2dbd-4756-b2aa-258cc5262d3b', 'param_1': 1}
2025-12-23 18:29:29,742 - sqlalchemy.engine.Engine - INFO - ROLLBACK
2025-12-23 18:30:43,779 - sqlalchemy.engine.Engine - INFO - select pg_catalog.version()
2025-12-23 18:30:43,780 - sqlalchemy.engine.Engine - INFO - [raw sql] {}
2025-12-23 18:30:43,780 - sqlalchemy.engine.Engine - INFO - select current_schema()
2025-12-23 18:30:43,780 - sqlalchemy.engine.Engine - INFO - [raw sql] {}
2025-12-23 18:30:43,781 - sqlalchemy.engine.Engine - INFO - show standard_conforming_strings
2025-12-23 18:30:43,781 - sqlalchemy.engine.Engine - INFO - [raw sql] {}
2025-12-23 18:30:43,782 - sqlalchemy.engine.Engine - INFO - BEGIN (implicit)
2025-12-23 18:30:43,785 - sqlalchemy.engine.Engine - INFO - SELECT agents.id_agent AS agents_id_agent, agents.full_name AS agents_full_name, agents.gender AS agents_gender, agents.birth_date AS agents_birth_date, agents.death_date AS agents_death_date, agents.place_of_birth AS agents_place_of_birth, agents.place_of_death AS agents_place_of_death, agents.avatar_url AS agents_avatar_url, agents.created_at AS agents_created_at, agents.updated_at AS agents_updated_at, agents.user_id AS agents_user_id, agents.is_human AS agents_is_human, pages.id_page AS pages_id_page, pages.epitaph AS pages_epitaph, pages.is_public AS pages_is_public, pages.is_draft AS pages_is_draft, pages.agent_id AS pages_agent_id, pages.created_at AS pages_created_at, pages.updated_at AS pages_updated_at, pages.user_id AS pages_user_id, pages.biography AS pages_biography 
FROM pages JOIN agents ON agents.id_agent = pages.agent_id 
WHERE agents.id_agent = %(id_agent_1)s AND pages.is_public = true 
 LIMIT %(param_1)s
2025-12-23 18:30:43,786 - sqlalchemy.engine.Engine - INFO - [generated in 0.00045s] {'id_agent_1': '7f4af2a1-2dbd-4756-b2aa-258cc5262d3b', 'param_1': 1}
2025-12-23 18:30:43,788 - sqlalchemy.engine.Engine - INFO - ROLLBACK
2025-12-23 18:31:45,810 - sqlalchemy.engine.Engine - INFO - select pg_catalog.version()
2025-12-23 18:31:45,811 - sqlalchemy.engine.Engine - INFO - [raw sql] {}
2025-12-23 18:31:45,811 - sqlalchemy.engine.Engine - INFO - select current_schema()
2025-12-23 18:31:45,812 - sqlalchemy.engine.Engine - INFO - [raw sql] {}
2025-12-23 18:31:45,812 - sqlalchemy.engine.Engine - INFO - show standard_conforming_strings
2025-12-23 18:31:45,812 - sqlalchemy.engine.Engine - INFO - [raw sql] {}
2025-12-23 18:31:45,813 - sqlalchemy.engine.Engine - INFO - BEGIN (implicit)
2025-12-23 18:31:45,815 - sqlalchemy.engine.Engine - INFO - SELECT agents.id_agent AS agents_id_agent, agents.full_name AS agents_full_name, agents.gender AS agents_gender, agents.birth_date AS agents_birth_date, agents.death_date AS agents_death_date, agents.place_of_birth AS agents_place_of_birth, agents.place_of_death AS agents_place_of_death, agents.avatar_url AS agents_avatar_url, agents.created_at AS agents_created_at, agents.updated_at AS agents_updated_at, agents.user_id AS agents_user_id, agents.is_human AS agents_is_human, pages.id_page AS pages_id_page, pages.epitaph AS pages_epitaph, pages.is_public AS pages_is_public, pages.is_draft AS pages_is_draft, pages.agent_id AS pages_agent_id, pages.created_at AS pages_created_at, pages.updated_at AS pages_updated_at, pages.user_id AS pages_user_id, pages.biography AS pages_biography 
FROM pages JOIN agents ON agents.id_agent = pages.agent_id 
WHERE agents.id_agent = %(id_agent_1)s AND pages.is_public = true 
 LIMIT %(param_1)s
2025-12-23 18:31:45,815 - sqlalchemy.engine.Engine - INFO - [generated in 0.00031s] {'id_agent_1': '7f4af2a1-2dbd-4756-b2aa-258cc5262d3b', 'param_1': 1}
2025-12-23 18:31:45,817 - sqlalchemy.engine.Engine - INFO - ROLLBACK
2025-12-23 18:31:59,161 - sqlalchemy.engine.Engine - INFO - select pg_catalog.version()
2025-12-23 18:31:59,161 - sqlalchemy.engine.Engine - INFO - [raw sql] {}
2025-12-23 18:31:59,162 - sqlalchemy.engine.Engine - INFO - select current_schema()
2025-12-23 18:31:59,162 - sqlalchemy.engine.Engine - INFO - [raw sql] {}
2025-12-23 18:31:59,163 - sqlalchemy.engine.Engine - INFO - show standard_conforming_strings
2025-12-23 18:31:59,163 - sqlalchemy.engine.Engine - INFO - [raw sql] {}
2025-12-23 18:31:59,163 - sqlalchemy.engine.Engine - INFO - BEGIN (implicit)
2025-12-23 18:31:59,165 - sqlalchemy.engine.Engine - INFO - SELECT agents.id_agent AS agents_id_agent, agents.full_name AS agents_full_name, agents.gender AS agents_gender, agents.birth_date AS agents_birth_date, agents.death_date AS agents_death_date, agents.place_of_birth AS agents_place_of_birth, agents.place_of_death AS agents_place_of_death, agents.avatar_url AS agents_avatar_url, agents.created_at AS agents_created_at, agents.updated_at AS agents_updated_at, agents.user_id AS agents_user_id, agents.is_human AS agents_is_human, pages.id_page AS pages_id_page, pages.epitaph AS pages_epitaph, pages.is_public AS pages_is_public, pages.is_draft AS pages_is_draft, pages.agent_id AS pages_agent_id, pages.created_at AS pages_created_at, pages.updated_at AS pages_updated_at, pages.user_id AS pages_user_id, pages.biography AS pages_biography 
FROM pages JOIN agents ON agents.id_agent = pages.agent_id 
WHERE agents.id_agent = %(id_agent_1)s AND pages.is_public = true 
 LIMIT %(param_1)s
2025-12-23 18:31:59,166 - sqlalchemy.engine.Engine - INFO - [generated in 0.00028s] {'id_agent_1': '7f4af2a1-2dbd-4756-b2aa-258cc5262d3b', 'param_1': 1}
2025-12-23 18:31:59,168 - sqlalchemy.engine.Engine - INFO - ROLLBACK
2025-12-23 18:34:44,020 - sqlalchemy.engine.Engine - INFO - select pg_catalog.version()
2025-12-23 18:34:44,020 - sqlalchemy.engine.Engine - INFO - [raw sql] {}
2025-12-23 18:34:44,021 - sqlalchemy.engine.Engine - INFO - select current_schema()
2025-12-23 18:34:44,021 - sqlalchemy.engine.Engine - INFO - [raw sql] {}
2025-12-23 18:34:44,021 - sqlalchemy.engine.Engine - INFO - show standard_conforming_strings
2025-12-23 18:34:44,022 - sqlalchemy.engine.Engine - INFO - [raw sql] {}
2025-12-23 18:34:44,022 - sqlalchemy.engine.Engine - INFO - BEGIN (implicit)
2025-12-23 18:34:44,024 - sqlalchemy.engine.Engine - INFO - SELECT agents.id_agent AS agents_id_agent, agents.full_name AS agents_full_name, agents.gender AS agents_gender, agents.birth_date AS agents_birth_date, agents.death_date AS agents_death_date, agents.place_of_birth AS agents_place_of_birth, agents.place_of_death AS agents_place_of_death, agents.avatar_url AS agents_avatar_url, agents.created_at AS agents_created_at, agents.updated_at AS agents_updated_at, agents.user_id AS agents_user_id, agents.is_human AS agents_is_human, pages.id_page AS pages_id_page, pages.epitaph AS pages_epitaph, pages.is_public AS pages_is_public, pages.is_draft AS pages_is_draft, pages.agent_id AS pages_agent_id, pages.created_at AS pages_created_at, pages.updated_at AS pages_updated_at, pages.user_id AS pages_user_id, pages.biography AS pages_biography 
FROM pages JOIN agents ON agents.id_agent = pages.agent_id 
WHERE agents.id_agent = %(id_agent_1)s AND pages.is_public = true 
 LIMIT %(param_1)s
2025-12-23 18:34:44,024 - sqlalchemy.engine.Engine - INFO - [generated in 0.00029s] {'id_agent_1': '7f4af2a1-2dbd-4756-b2aa-258cc5262d3b', 'param_1': 1}
2025-12-23 18:34:44,026 - sqlalchemy.engine.Engine - INFO - ROLLBACK
2025-12-23 18:35:28,936 - sqlalchemy.engine.Engine - INFO - select pg_catalog.version()
2025-12-23 18:35:28,936 - sqlalchemy.engine.Engine - INFO - [raw sql] {}
2025-12-23 18:35:28,937 - sqlalchemy.engine.Engine - INFO - select current_schema()
2025-12-23 18:35:28,937 - sqlalchemy.engine.Engine - INFO - [raw sql] {}
2025-12-23 18:35:28,937 - sqlalchemy.engine.Engine - INFO - show standard_conforming_strings
2025-12-23 18:35:28,937 - sqlalchemy.engine.Engine - INFO - [raw sql] {}
2025-12-23 18:35:28,938 - sqlalchemy.engine.Engine - INFO - BEGIN (implicit)
2025-12-23 18:35:28,940 - sqlalchemy.engine.Engine - INFO - SELECT agents.id_agent AS agents_id_agent, agents.full_name AS agents_full_name, agents.gender AS agents_gender, agents.birth_date AS agents_birth_date, agents.death_date AS agents_death_date, agents.place_of_birth AS agents_place_of_birth, agents.place_of_death AS agents_place_of_death, agents.avatar_url AS agents_avatar_url, agents.created_at AS agents_created_at, agents.updated_at AS agents_updated_at, agents.user_id AS agents_user_id, agents.is_human AS agents_is_human, pages.id_page AS pages_id_page, pages.epitaph AS pages_epitaph, pages.is_public AS pages_is_public, pages.is_draft AS pages_is_draft, pages.agent_id AS pages_agent_id, pages.created_at AS pages_created_at, pages.updated_at AS pages_updated_at, pages.user_id AS pages_user_id, pages.biography AS pages_biography 
FROM pages JOIN agents ON agents.id_agent = pages.agent_id 
WHERE agents.id_agent = %(id_agent_1)s AND pages.is_public = true 
 LIMIT %(param_1)s
2025-12-23 18:35:28,940 - sqlalchemy.engine.Engine - INFO - [generated in 0.00037s] {'id_agent_1': '7f4af2a1-2dbd-4756-b2aa-258cc5262d3b', 'param_1': 1}
2025-12-23 18:35:28,943 - sqlalchemy.engine.Engine - INFO - ROLLBACK
2025-12-23 18:38:52,283 - sqlalchemy.engine.Engine - INFO - select pg_catalog.version()
2025-12-23 18:38:52,283 - sqlalchemy.engine.Engine - INFO - [raw sql] {}
2025-12-23 18:38:52,284 - sqlalchemy.engine.Engine - INFO - select current_schema()
2025-12-23 18:38:52,284 - sqlalchemy.engine.Engine - INFO - [raw sql] {}
2025-12-23 18:38:52,284 - sqlalchemy.engine.Engine - INFO - show standard_conforming_strings
2025-12-23 18:38:52,284 - sqlalchemy.engine.Engine - INFO - [raw sql] {}
2025-12-23 18:38:52,285 - sqlalchemy.engine.Engine - INFO - BEGIN (implicit)
2025-12-23 18:38:52,287 - sqlalchemy.engine.Engine - INFO - SELECT agents.id_agent AS agents_id_agent, agents.full_name AS agents_full_name, agents.gender AS agents_gender, agents.birth_date AS agents_birth_date, agents.death_date AS agents_death_date, agents.place_of_birth AS agents_place_of_birth, agents.place_of_death AS agents_place_of_death, agents.avatar_url AS agents_avatar_url, agents.created_at AS agents_created_at, agents.updated_at AS agents_updated_at, agents.user_id AS agents_user_id, agents.is_human AS agents_is_human, pages.id_page AS pages_id_page, pages.epitaph AS pages_epitaph, pages.is_public AS pages_is_public, pages.is_draft AS pages_is_draft, pages.agent_id AS pages_agent_id, pages.created_at AS pages_created_at, pages.updated_at AS pages_updated_at, pages.user_id AS pages_user_id, pages.biography AS pages_biography 
FROM pages JOIN agents ON agents.id_agent = pages.agent_id 
WHERE agents.id_agent = %(id_agent_1)s AND pages.is_public = true 
 LIMIT %(param_1)s
2025-12-23 18:38:52,288 - sqlalchemy.engine.Engine - INFO - [generated in 0.00028s] {'id_agent_1': '7f4af2a1-2dbd-4756-b2aa-258cc5262d3b', 'param_1': 1}
2025-12-23 18:38:52,290 - sqlalchemy.engine.Engine - INFO - ROLLBACK
2025-12-23 18:40:12,636 - sqlalchemy.engine.Engine - INFO - select pg_catalog.version()
2025-12-23 18:40:12,637 - sqlalchemy.engine.Engine - INFO - [raw sql] {}
2025-12-23 18:40:12,638 - sqlalchemy.engine.Engine - INFO - select current_schema()
2025-12-23 18:40:12,638 - sqlalchemy.engine.Engine - INFO - [raw sql] {}
2025-12-23 18:40:12,638 - sqlalchemy.engine.Engine - INFO - show standard_conforming_strings
2025-12-23 18:40:12,638 - sqlalchemy.engine.Engine - INFO - [raw sql] {}
2025-12-23 18:40:12,639 - sqlalchemy.engine.Engine - INFO - BEGIN (implicit)
2025-12-23 18:40:12,641 - sqlalchemy.engine.Engine - INFO - SELECT agents.id_agent AS agents_id_agent, agents.full_name AS agents_full_name, agents.gender AS agents_gender, agents.birth_date AS agents_birth_date, agents.death_date AS agents_death_date, agents.place_of_birth AS agents_place_of_birth, agents.place_of_death AS agents_place_of_death, agents.avatar_url AS agents_avatar_url, agents.created_at AS agents_created_at, agents.updated_at AS agents_updated_at, agents.user_id AS agents_user_id, agents.is_human AS agents_is_human, pages.id_page AS pages_id_page, pages.epitaph AS pages_epitaph, pages.is_public AS pages_is_public, pages.is_draft AS pages_is_draft, pages.agent_id AS pages_agent_id, pages.created_at AS pages_created_at, pages.updated_at AS pages_updated_at, pages.user_id AS pages_user_id, pages.biography AS pages_biography 
FROM pages JOIN agents ON agents.id_agent = pages.agent_id 
WHERE agents.id_agent = %(id_agent_1)s AND pages.is_public = true 
 LIMIT %(param_1)s
2025-12-23 18:40:12,641 - sqlalchemy.engine.Engine - INFO - [generated in 0.00033s] {'id_agent_1': '7f4af2a1-2dbd-4756-b2aa-258cc5262d3b', 'param_1': 1}
2025-12-23 18:40:12,643 - sqlalchemy.engine.Engine - INFO - ROLLBACK
2025-12-23 18:41:18,188 - sqlalchemy.engine.Engine - INFO - select pg_catalog.version()
2025-12-23 18:41:18,188 - sqlalchemy.engine.Engine - INFO - [raw sql] {}
2025-12-23 18:41:18,189 - sqlalchemy.engine.Engine - INFO - select current_schema()
2025-12-23 18:41:18,189 - sqlalchemy.engine.Engine - INFO - [raw sql] {}
2025-12-23 18:41:18,190 - sqlalchemy.engine.Engine - INFO - show standard_conforming_strings
2025-12-23 18:41:18,190 - sqlalchemy.engine.Engine - INFO - [raw sql] {}
2025-12-23 18:41:18,191 - sqlalchemy.engine.Engine - INFO - BEGIN (implicit)
2025-12-23 18:41:18,193 - sqlalchemy.engine.Engine - INFO - SELECT agents.id_agent AS agents_id_agent, agents.full_name AS agents_full_name, agents.gender AS agents_gender, agents.birth_date AS agents_birth_date, agents.death_date AS agents_death_date, agents.place_of_birth AS agents_place_of_birth, agents.place_of_death AS agents_place_of_death, agents.avatar_url AS agents_avatar_url, agents.created_at AS agents_created_at, agents.updated_at AS agents_updated_at, agents.user_id AS agents_user_id, agents.is_human AS agents_is_human, pages.id_page AS pages_id_page, pages.epitaph AS pages_epitaph, pages.is_public AS pages_is_public, pages.is_draft AS pages_is_draft, pages.agent_id AS pages_agent_id, pages.created_at AS pages_created_at, pages.updated_at AS pages_updated_at, pages.user_id AS pages_user_id, pages.biography AS pages_biography 
FROM pages JOIN agents ON agents.id_agent = pages.agent_id 
WHERE agents.id_agent = %(id_agent_1)s AND pages.is_public = true 
 LIMIT %(param_1)s
2025-12-23 18:41:18,193 - sqlalchemy.engine.Engine - INFO - [generated in 0.00036s] {'id_agent_1': '7f4af2a1-2dbd-4756-b2aa-258cc5262d3b', 'param_1': 1}
2025-12-23 18:41:18,196 - sqlalchemy.engine.Engine - INFO - ROLLBACK
2025-12-23 18:41:37,586 - sqlalchemy.engine.Engine - INFO - select pg_catalog.version()
2025-12-23 18:41:37,587 - sqlalchemy.engine.Engine - INFO - [raw sql] {}
2025-12-23 18:41:37,587 - sqlalchemy.engine.Engine - INFO - select current_schema()
2025-12-23 18:41:37,588 - sqlalchemy.engine.Engine - INFO - [raw sql] {}
2025-12-23 18:41:37,588 - sqlalchemy.engine.Engine - INFO - show standard_conforming_strings
2025-12-23 18:41:37,588 - sqlalchemy.engine.Engine - INFO - [raw sql] {}
2025-12-23 18:41:37,589 - sqlalchemy.engine.Engine - INFO - BEGIN (implicit)
2025-12-23 18:41:37,591 - sqlalchemy.engine.Engine - INFO - SELECT agents.id_agent AS agents_id_agent, agents.full_name AS agents_full_name, agents.gender AS agents_gender, agents.birth_date AS agents_birth_date, agents.death_date AS agents_death_date, agents.place_of_birth AS agents_place_of_birth, agents.place_of_death AS agents_place_of_death, agents.avatar_url AS agents_avatar_url, agents.created_at AS agents_created_at, agents.updated_at AS agents_updated_at, agents.user_id AS agents_user_id, agents.is_human AS agents_is_human, pages.id_page AS pages_id_page, pages.epitaph AS pages_epitaph, pages.is_public AS pages_is_public, pages.is_draft AS pages_is_draft, pages.agent_id AS pages_agent_id, pages.created_at AS pages_created_at, pages.updated_at AS pages_updated_at, pages.user_id AS pages_user_id, pages.biography AS pages_biography 
FROM pages JOIN agents ON agents.id_agent = pages.agent_id 
WHERE agents.id_agent = %(id_agent_1)s AND pages.is_public = true 
 LIMIT %(param_1)s
2025-12-23 18:41:37,591 - sqlalchemy.engine.Engine - INFO - [generated in 0.00043s] {'id_agent_1': '7f4af2a1-2dbd-4756-b2aa-258cc5262d3b', 'param_1': 1}
2025-12-23 18:41:37,594 - sqlalchemy.engine.Engine - INFO - ROLLBACK
2025-12-23 18:41:45,909 - sqlalchemy.engine.Engine - INFO - BEGIN (implicit)
2025-12-23 18:41:45,915 - sqlalchemy.engine.Engine - INFO - SELECT agents.id_agent AS agents_id_agent, agents.full_name AS agents_full_name, agents.gender AS agents_gender, agents.birth_date AS agents_birth_date, agents.death_date AS agents_death_date, agents.place_of_birth AS agents_place_of_birth, agents.place_of_death AS agents_place_of_death, agents.avatar_url AS agents_avatar_url, agents.created_at AS agents_created_at, agents.updated_at AS agents_updated_at, agents.user_id AS agents_user_id, agents.is_human AS agents_is_human, pages.id_page AS pages_id_page, pages.epitaph AS pages_epitaph, pages.is_public AS pages_is_public, pages.is_draft AS pages_is_draft, pages.agent_id AS pages_agent_id, pages.created_at AS pages_created_at, pages.updated_at AS pages_updated_at, pages.user_id AS pages_user_id, pages.biography AS pages_biography 
FROM pages JOIN agents ON agents.id_agent = pages.agent_id 
WHERE agents.id_agent = %(id_agent_1)s AND pages.is_public = true 
 LIMIT %(param_1)s
2025-12-23 18:41:45,915 - sqlalchemy.engine.Engine - INFO - [cached since 8.325s ago] {'id_agent_1': '7f4af2a1-2dbd-4756-b2aa-258cc5262d3b', 'param_1': 1}
2025-12-23 18:41:45,918 - sqlalchemy.engine.Engine - INFO - ROLLBACK
2025-12-23 18:42:14,063 - sqlalchemy.engine.Engine - INFO - select pg_catalog.version()
2025-12-23 18:42:14,063 - sqlalchemy.engine.Engine - INFO - [raw sql] {}
2025-12-23 18:42:14,064 - sqlalchemy.engine.Engine - INFO - select current_schema()
2025-12-23 18:42:14,064 - sqlalchemy.engine.Engine - INFO - [raw sql] {}
2025-12-23 18:42:14,065 - sqlalchemy.engine.Engine - INFO - show standard_conforming_strings
2025-12-23 18:42:14,065 - sqlalchemy.engine.Engine - INFO - [raw sql] {}
2025-12-23 18:42:14,066 - sqlalchemy.engine.Engine - INFO - BEGIN (implicit)
2025-12-23 18:42:14,069 - sqlalchemy.engine.Engine - INFO - SELECT agents.id_agent AS agents_id_agent, agents.full_name AS agents_full_name, agents.gender AS agents_gender, agents.birth_date AS agents_birth_date, agents.death_date AS agents_death_date, agents.place_of_birth AS agents_place_of_birth, agents.place_of_death AS agents_place_of_death, agents.avatar_url AS agents_avatar_url, agents.created_at AS agents_created_at, agents.updated_at AS agents_updated_at, agents.user_id AS agents_user_id, agents.is_human AS agents_is_human, pages.id_page AS pages_id_page, pages.epitaph AS pages_epitaph, pages.is_public AS pages_is_public, pages.is_draft AS pages_is_draft, pages.agent_id AS pages_agent_id, pages.created_at AS pages_created_at, pages.updated_at AS pages_updated_at, pages.user_id AS pages_user_id, pages.biography AS pages_biography 
FROM pages JOIN agents ON agents.id_agent = pages.agent_id 
WHERE agents.id_agent = %(id_agent_1)s AND pages.is_public = true 
 LIMIT %(param_1)s
2025-12-23 18:42:14,069 - sqlalchemy.engine.Engine - INFO - [generated in 0.00039s] {'id_agent_1': '7f4af2a1-2dbd-4756-b2aa-258cc5262d3b', 'param_1': 1}
2025-12-23 18:42:14,072 - sqlalchemy.engine.Engine - INFO - ROLLBACK
2025-12-23 18:43:17,657 - sqlalchemy.engine.Engine - INFO - select pg_catalog.version()
2025-12-23 18:43:17,658 - sqlalchemy.engine.Engine - INFO - [raw sql] {}
2025-12-23 18:43:17,660 - sqlalchemy.engine.Engine - INFO - select current_schema()
2025-12-23 18:43:17,661 - sqlalchemy.engine.Engine - INFO - [raw sql] {}
2025-12-23 18:43:17,663 - sqlalchemy.engine.Engine - INFO - show standard_conforming_strings
2025-12-23 18:43:17,663 - sqlalchemy.engine.Engine - INFO - [raw sql] {}
2025-12-23 18:43:17,665 - sqlalchemy.engine.Engine - INFO - BEGIN (implicit)
2025-12-23 18:43:17,669 - sqlalchemy.engine.Engine - INFO - SELECT agents.id_agent AS agents_id_agent, agents.full_name AS agents_full_name, agents.gender AS agents_gender, agents.birth_date AS agents_birth_date, agents.death_date AS agents_death_date, agents.place_of_birth AS agents_place_of_birth, agents.place_of_death AS agents_place_of_death, agents.avatar_url AS agents_avatar_url, agents.created_at AS agents_created_at, agents.updated_at AS agents_updated_at, agents.user_id AS agents_user_id, agents.is_human AS agents_is_human, pages.id_page AS pages_id_page, pages.epitaph AS pages_epitaph, pages.is_public AS pages_is_public, pages.is_draft AS pages_is_draft, pages.agent_id AS pages_agent_id, pages.created_at AS pages_created_at, pages.updated_at AS pages_updated_at, pages.user_id AS pages_user_id, pages.biography AS pages_biography 
FROM pages JOIN agents ON agents.id_agent = pages.agent_id 
WHERE agents.id_agent = %(id_agent_1)s AND pages.is_public = true 
 LIMIT %(param_1)s
2025-12-23 18:43:17,669 - sqlalchemy.engine.Engine - INFO - [generated in 0.00049s] {'id_agent_1': '7f4af2a1-2dbd-4756-b2aa-258cc5262d3b', 'param_1': 1}
2025-12-23 18:43:17,672 - sqlalchemy.engine.Engine - INFO - ROLLBACK
2025-12-23 18:43:48,999 - sqlalchemy.engine.Engine - INFO - select pg_catalog.version()
2025-12-23 18:43:49,000 - sqlalchemy.engine.Engine - INFO - [raw sql] {}
2025-12-23 18:43:49,001 - sqlalchemy.engine.Engine - INFO - select current_schema()
2025-12-23 18:43:49,001 - sqlalchemy.engine.Engine - INFO - [raw sql] {}
2025-12-23 18:43:49,002 - sqlalchemy.engine.Engine - INFO - show standard_conforming_strings
2025-12-23 18:43:49,002 - sqlalchemy.engine.Engine - INFO - [raw sql] {}
2025-12-23 18:43:49,003 - sqlalchemy.engine.Engine - INFO - BEGIN (implicit)
2025-12-23 18:43:49,005 - sqlalchemy.engine.Engine - INFO - SELECT agents.id_agent AS agents_id_agent, agents.full_name AS agents_full_name, agents.gender AS agents_gender, agents.birth_date AS agents_birth_date, agents.death_date AS agents_death_date, agents.place_of_birth AS agents_place_of_birth, agents.place_of_death AS agents_place_of_death, agents.avatar_url AS agents_avatar_url, agents.created_at AS agents_created_at, agents.updated_at AS agents_updated_at, agents.user_id AS agents_user_id, agents.is_human AS agents_is_human, pages.id_page AS pages_id_page, pages.epitaph AS pages_epitaph, pages.is_public AS pages_is_public, pages.is_draft AS pages_is_draft, pages.agent_id AS pages_agent_id, pages.created_at AS pages_created_at, pages.updated_at AS pages_updated_at, pages.user_id AS pages_user_id, pages.biography AS pages_biography 
FROM pages JOIN agents ON agents.id_agent = pages.agent_id 
WHERE agents.id_agent = %(id_agent_1)s AND pages.is_public = true 
 LIMIT %(param_1)s
2025-12-23 18:43:49,006 - sqlalchemy.engine.Engine - INFO - [generated in 0.00047s] {'id_agent_1': '7f4af2a1-2dbd-4756-b2aa-258cc5262d3b', 'param_1': 1}
2025-12-23 18:43:49,009 - sqlalchemy.engine.Engine - INFO - ROLLBACK
2025-12-23 18:47:20,465 - sqlalchemy.engine.Engine - INFO - select pg_catalog.version()
2025-12-23 18:47:20,465 - sqlalchemy.engine.Engine - INFO - [raw sql] {}
2025-12-23 18:47:20,466 - sqlalchemy.engine.Engine - INFO - select current_schema()
2025-12-23 18:47:20,466 - sqlalchemy.engine.Engine - INFO - [raw sql] {}
2025-12-23 18:47:20,467 - sqlalchemy.engine.Engine - INFO - show standard_conforming_strings
2025-12-23 18:47:20,467 - sqlalchemy.engine.Engine - INFO - [raw sql] {}
2025-12-23 18:47:20,467 - sqlalchemy.engine.Engine - INFO - BEGIN (implicit)
2025-12-23 18:47:20,469 - sqlalchemy.engine.Engine - INFO - SELECT agents.id_agent AS agents_id_agent, agents.full_name AS agents_full_name, agents.gender AS agents_gender, agents.birth_date AS agents_birth_date, agents.death_date AS agents_death_date, agents.place_of_birth AS agents_place_of_birth, agents.place_of_death AS agents_place_of_death, agents.avatar_url AS agents_avatar_url, agents.created_at AS agents_created_at, agents.updated_at AS agents_updated_at, agents.user_id AS agents_user_id, agents.is_human AS agents_is_human, pages.id_page AS pages_id_page, pages.epitaph AS pages_epitaph, pages.is_public AS pages_is_public, pages.is_draft AS pages_is_draft, pages.agent_id AS pages_agent_id, pages.created_at AS pages_created_at, pages.updated_at AS pages_updated_at, pages.user_id AS pages_user_id, pages.biography AS pages_biography 
FROM pages JOIN agents ON agents.id_agent = pages.agent_id 
WHERE agents.id_agent = %(id_agent_1)s AND pages.is_public = true 
 LIMIT %(param_1)s
2025-12-23 18:47:20,470 - sqlalchemy.engine.Engine - INFO - [generated in 0.00037s] {'id_agent_1': '7f4af2a1-2dbd-4756-b2aa-258cc5262d3b', 'param_1': 1}
2025-12-23 18:47:20,472 - sqlalchemy.engine.Engine - INFO - ROLLBACK
2025-12-23 18:47:41,073 - sqlalchemy.engine.Engine - INFO - select pg_catalog.version()
2025-12-23 18:47:41,073 - sqlalchemy.engine.Engine - INFO - [raw sql] {}
2025-12-23 18:47:41,074 - sqlalchemy.engine.Engine - INFO - select current_schema()
2025-12-23 18:47:41,074 - sqlalchemy.engine.Engine - INFO - [raw sql] {}
2025-12-23 18:47:41,075 - sqlalchemy.engine.Engine - INFO - show standard_conforming_strings
2025-12-23 18:47:41,075 - sqlalchemy.engine.Engine - INFO - [raw sql] {}
2025-12-23 18:47:41,076 - sqlalchemy.engine.Engine - INFO - BEGIN (implicit)
2025-12-23 18:47:41,078 - sqlalchemy.engine.Engine - INFO - SELECT agents.id_agent AS agents_id_agent, agents.full_name AS agents_full_name, agents.gender AS agents_gender, agents.birth_date AS agents_birth_date, agents.death_date AS agents_death_date, agents.place_of_birth AS agents_place_of_birth, agents.place_of_death AS agents_place_of_death, agents.avatar_url AS agents_avatar_url, agents.created_at AS agents_created_at, agents.updated_at AS agents_updated_at, agents.user_id AS agents_user_id, agents.is_human AS agents_is_human, pages.id_page AS pages_id_page, pages.epitaph AS pages_epitaph, pages.is_public AS pages_is_public, pages.is_draft AS pages_is_draft, pages.agent_id AS pages_agent_id, pages.created_at AS pages_created_at, pages.updated_at AS pages_updated_at, pages.user_id AS pages_user_id, pages.biography AS pages_biography 
FROM pages JOIN agents ON agents.id_agent = pages.agent_id 
WHERE agents.id_agent = %(id_agent_1)s AND pages.is_public = true 
 LIMIT %(param_1)s
2025-12-23 18:47:41,078 - sqlalchemy.engine.Engine - INFO - [generated in 0.00034s] {'id_agent_1': '7f4af2a1-2dbd-4756-b2aa-258cc5262d3b', 'param_1': 1}
2025-12-23 18:47:41,081 - sqlalchemy.engine.Engine - INFO - ROLLBACK
2025-12-23 18:48:38,239 - sqlalchemy.engine.Engine - INFO - select pg_catalog.version()
2025-12-23 18:48:38,240 - sqlalchemy.engine.Engine - INFO - [raw sql] {}
2025-12-23 18:48:38,240 - sqlalchemy.engine.Engine - INFO - select current_schema()
2025-12-23 18:48:38,241 - sqlalchemy.engine.Engine - INFO - [raw sql] {}
2025-12-23 18:48:38,242 - sqlalchemy.engine.Engine - INFO - show standard_conforming_strings
2025-12-23 18:48:38,242 - sqlalchemy.engine.Engine - INFO - [raw sql] {}
2025-12-23 18:48:38,242 - sqlalchemy.engine.Engine - INFO - BEGIN (implicit)
2025-12-23 18:48:38,244 - sqlalchemy.engine.Engine - INFO - SELECT agents.id_agent AS agents_id_agent, agents.full_name AS agents_full_name, agents.gender AS agents_gender, agents.birth_date AS agents_birth_date, agents.death_date AS agents_death_date, agents.place_of_birth AS agents_place_of_birth, agents.place_of_death AS agents_place_of_death, agents.avatar_url AS agents_avatar_url, agents.created_at AS agents_created_at, agents.updated_at AS agents_updated_at, agents.user_id AS agents_user_id, agents.is_human AS agents_is_human, pages.id_page AS pages_id_page, pages.epitaph AS pages_epitaph, pages.is_public AS pages_is_public, pages.is_draft AS pages_is_draft, pages.agent_id AS pages_agent_id, pages.created_at AS pages_created_at, pages.updated_at AS pages_updated_at, pages.user_id AS pages_user_id, pages.biography AS pages_biography 
FROM pages JOIN agents ON agents.id_agent = pages.agent_id 
WHERE agents.id_agent = %(id_agent_1)s AND pages.is_public = true 
 LIMIT %(param_1)s
2025-12-23 18:48:38,245 - sqlalchemy.engine.Engine - INFO - [generated in 0.00039s] {'id_agent_1': '7f4af2a1-2dbd-4756-b2aa-258cc5262d3b', 'param_1': 1}
2025-12-23 18:48:38,248 - sqlalchemy.engine.Engine - INFO - ROLLBACK
